
Production Rules
(rule precedences determined from %prec or 1st terminal between parentheses):
1: program ->  optional_declaration_list procedure_definition
2: optional_declaration_list ->  <empty>
3: optional_declaration_list ->  variable_declaration_list
4: procedure_definition (NAME) ->  NAME '(' ')' #0001 '{' optional_variable_declaration_list #0002 basic_block_list '}'
5: #0001 ->  <empty>
6: #0002 ->  <empty>
7: optional_variable_declaration_list ->  <empty>
8: optional_variable_declaration_list ->  variable_declaration_list
9: variable_declaration_list ->  variable_declaration
10: variable_declaration_list ->  variable_declaration_list variable_declaration
11: variable_declaration (';') ->  declaration ';'
12: declaration (INTEGER) ->  INTEGER NAME
13: basic_block_list ->  basic_block_list basic_block
14: basic_block_list ->  basic_block
15: basic_block (BBNUM) ->  BBNUM ':' executable_statement_list
16: executable_statement_list ->  assignment_statement_list
17: executable_statement_list (RETURN) ->  assignment_statement_list RETURN ';'
18: assignment_statement_list ->  <empty>
19: assignment_statement_list ->  assignment_statement_list assignment_statement
20: assignment_statement (IF) ->  IF '(' comp_stmt ')' GOTO BBNUM ';' ELSE GOTO BBNUM ';'
21: assignment_statement (GOTO) ->  GOTO BBNUM ';'
22: assignment_statement (ASSIGN) ->  variable ASSIGN comp_stmt ';'
23: comp_stmt (GT) ->  comp_stmt GT comp_stmt
24: comp_stmt (LT) ->  comp_stmt LT comp_stmt
25: comp_stmt (NE) ->  comp_stmt NE comp_stmt
26: comp_stmt (GE) ->  comp_stmt GE comp_stmt
27: comp_stmt (LE) ->  comp_stmt LE comp_stmt
28: comp_stmt (EQ) ->  comp_stmt EQ comp_stmt
29: comp_stmt ('(') ->  '(' comp_stmt ')'
30: comp_stmt ->  variable
31: comp_stmt ->  constant
32: variable (NAME) ->  NAME
33: constant (INTEGER_NUMBER) ->  INTEGER_NUMBER
34: program_$ ->  program


Symbolic Terminal tokens:
       error
       EOF
   257: INTEGER_NUMBER
   258: BBNUM
   259: NAME
   260: RETURN
   261: INTEGER
   262: IF
   263: ELSE
   264: GOTO
   265: ASSIGN
   266: NE
   267: EQ
   268: LT
   269: LE
   270: GT
   271: GE
    40: '('
    41: ')'
   123: '{'
   125: '}'
    59: ';'
    58: ':'


Grammar States: 
State 0:
34: program_$ ->  . program 
  0:   On program to state 1
  1:   On optional_declaration_list to state 2
  2:   On variable_declaration_list to state 3
  3:   On variable_declaration to state 4
  4:   On declaration to state 5
  5:   On INTEGER to state 6
  Reduce by 2: optional_declaration_list ->  . 


State 1:
34: program_$ -> program  . 


State 2:
1: program -> optional_declaration_list  . procedure_definition 
  0:   On procedure_definition to state 7
  1:   On NAME to state 8


State 3:
3: optional_declaration_list -> variable_declaration_list  . 
10: variable_declaration_list -> variable_declaration_list  . variable_declaration 
  0:   On variable_declaration to state 9
  1:   On declaration to state 5
  2:   On INTEGER to state 6
  Reduce by 3: optional_declaration_list -> variable_declaration_list  . 


State 4:
9: variable_declaration_list -> variable_declaration  . 
  Reduce by 9: variable_declaration_list -> variable_declaration  . 


State 5:
11: variable_declaration -> declaration  . ';' 
  0:   On ';' to state 10


State 6:
12: declaration -> INTEGER  . NAME 
  0:   On NAME to state 11


State 7:
1: program -> optional_declaration_list procedure_definition  . 
  Reduce by 1: program -> optional_declaration_list procedure_definition  . 


State 8:
4: procedure_definition -> NAME  . '(' ')' #0001 '{' optional_variable_declaration_list #0002 basic_block_list '}' 
  0:   On '(' to state 12


State 9:
10: variable_declaration_list -> variable_declaration_list variable_declaration  . 
  Reduce by 10: variable_declaration_list -> variable_declaration_list variable_declaration  . 


State 10:
11: variable_declaration -> declaration ';'  . 
  Reduce by 11: variable_declaration -> declaration ';'  . 


State 11:
12: declaration -> INTEGER NAME  . 
  Reduce by 12: declaration -> INTEGER NAME  . 


State 12:
4: procedure_definition -> NAME '('  . ')' #0001 '{' optional_variable_declaration_list #0002 basic_block_list '}' 
  0:   On ')' to state 13


State 13:
4: procedure_definition -> NAME '(' ')'  . #0001 '{' optional_variable_declaration_list #0002 basic_block_list '}' 
  0:   On #0001 to state 14
  Reduce by 5: #0001 ->  . 


State 14:
4: procedure_definition -> NAME '(' ')' #0001  . '{' optional_variable_declaration_list #0002 basic_block_list '}' 
  0:   On '{' to state 15


State 15:
4: procedure_definition -> NAME '(' ')' #0001 '{'  . optional_variable_declaration_list #0002 basic_block_list '}' 
  0:   On optional_variable_declaration_list to state 16
  1:   On variable_declaration_list to state 17
  2:   On variable_declaration to state 4
  3:   On declaration to state 5
  4:   On INTEGER to state 6
  Reduce by 7: optional_variable_declaration_list ->  . 


State 16:
4: procedure_definition -> NAME '(' ')' #0001 '{' optional_variable_declaration_list  . #0002 basic_block_list '}' 
  0:   On #0002 to state 18
  Reduce by 6: #0002 ->  . 


State 17:
8: optional_variable_declaration_list -> variable_declaration_list  . 
10: variable_declaration_list -> variable_declaration_list  . variable_declaration 
  0:   On variable_declaration to state 9
  1:   On declaration to state 5
  2:   On INTEGER to state 6
  Reduce by 8: optional_variable_declaration_list -> variable_declaration_list  . 


State 18:
4: procedure_definition -> NAME '(' ')' #0001 '{' optional_variable_declaration_list #0002  . basic_block_list '}' 
  0:   On basic_block_list to state 19
  1:   On basic_block to state 20
  2:   On BBNUM to state 21


State 19:
4: procedure_definition -> NAME '(' ')' #0001 '{' optional_variable_declaration_list #0002 basic_block_list  . '}' 
13: basic_block_list -> basic_block_list  . basic_block 
  0:   On '}' to state 22
  1:   On basic_block to state 23
  2:   On BBNUM to state 21


State 20:
14: basic_block_list -> basic_block  . 
  Reduce by 14: basic_block_list -> basic_block  . 


State 21:
15: basic_block -> BBNUM  . ':' executable_statement_list 
  0:   On ':' to state 24


State 22:
4: procedure_definition -> NAME '(' ')' #0001 '{' optional_variable_declaration_list #0002 basic_block_list '}'  . 
  Reduce by 4: procedure_definition -> NAME '(' ')' #0001 '{' optional_variable_declaration_list #0002 basic_block_list '}'  . 


State 23:
13: basic_block_list -> basic_block_list basic_block  . 
  Reduce by 13: basic_block_list -> basic_block_list basic_block  . 


State 24:
15: basic_block -> BBNUM ':'  . executable_statement_list 
  0:   On executable_statement_list to state 25
  1:   On assignment_statement_list to state 26
  Reduce by 18: assignment_statement_list ->  . 


State 25:
15: basic_block -> BBNUM ':' executable_statement_list  . 
  Reduce by 15: basic_block -> BBNUM ':' executable_statement_list  . 


State 26:
16: executable_statement_list -> assignment_statement_list  . 
17: executable_statement_list -> assignment_statement_list  . RETURN ';' 
19: assignment_statement_list -> assignment_statement_list  . assignment_statement 
  0:   On RETURN to state 27
  1:   On assignment_statement to state 28
  2:   On IF to state 29
  3:   On GOTO to state 30
  4:   On variable to state 31
  5:   On NAME to state 32
  Reduce by 16: executable_statement_list -> assignment_statement_list  . 


State 27:
17: executable_statement_list -> assignment_statement_list RETURN  . ';' 
  0:   On ';' to state 33


State 28:
19: assignment_statement_list -> assignment_statement_list assignment_statement  . 
  Reduce by 19: assignment_statement_list -> assignment_statement_list assignment_statement  . 


State 29:
20: assignment_statement -> IF  . '(' comp_stmt ')' GOTO BBNUM ';' ELSE GOTO BBNUM ';' 
  0:   On '(' to state 34


State 30:
21: assignment_statement -> GOTO  . BBNUM ';' 
  0:   On BBNUM to state 35


State 31:
22: assignment_statement -> variable  . ASSIGN comp_stmt ';' 
  0:   On ASSIGN to state 36


State 32:
32: variable -> NAME  . 
  Reduce by 32: variable -> NAME  . 


State 33:
17: executable_statement_list -> assignment_statement_list RETURN ';'  . 
  Reduce by 17: executable_statement_list -> assignment_statement_list RETURN ';'  . 


State 34:
20: assignment_statement -> IF '('  . comp_stmt ')' GOTO BBNUM ';' ELSE GOTO BBNUM ';' 
  0:   On comp_stmt to state 37
  1:   On '(' to state 38
  2:   On variable to state 39
  3:   On constant to state 40
  4:   On NAME to state 32
  5:   On INTEGER_NUMBER to state 41


State 35:
21: assignment_statement -> GOTO BBNUM  . ';' 
  0:   On ';' to state 42


State 36:
22: assignment_statement -> variable ASSIGN  . comp_stmt ';' 
  0:   On comp_stmt to state 43
  1:   On '(' to state 38
  2:   On variable to state 39
  3:   On constant to state 40
  4:   On NAME to state 32
  5:   On INTEGER_NUMBER to state 41


State 37:
20: assignment_statement -> IF '(' comp_stmt  . ')' GOTO BBNUM ';' ELSE GOTO BBNUM ';' 
23: comp_stmt -> comp_stmt  . GT comp_stmt 
24: comp_stmt -> comp_stmt  . LT comp_stmt 
25: comp_stmt -> comp_stmt  . NE comp_stmt 
26: comp_stmt -> comp_stmt  . GE comp_stmt 
27: comp_stmt -> comp_stmt  . LE comp_stmt 
28: comp_stmt -> comp_stmt  . EQ comp_stmt 
  0:   On ')' to state 44
  1:   On GT to state 45
  2:   On LT to state 46
  3:   On NE to state 47
  4:   On GE to state 48
  5:   On LE to state 49
  6:   On EQ to state 50


State 38:
29: comp_stmt -> '('  . comp_stmt ')' 
  0:   On comp_stmt to state 51
  1:   On '(' to state 38
  2:   On variable to state 39
  3:   On constant to state 40
  4:   On NAME to state 32
  5:   On INTEGER_NUMBER to state 41


State 39:
30: comp_stmt -> variable  . 
  Reduce by 30: comp_stmt -> variable  . 


State 40:
31: comp_stmt -> constant  . 
  Reduce by 31: comp_stmt -> constant  . 


State 41:
33: constant -> INTEGER_NUMBER  . 
  Reduce by 33: constant -> INTEGER_NUMBER  . 


State 42:
21: assignment_statement -> GOTO BBNUM ';'  . 
  Reduce by 21: assignment_statement -> GOTO BBNUM ';'  . 


State 43:
22: assignment_statement -> variable ASSIGN comp_stmt  . ';' 
23: comp_stmt -> comp_stmt  . GT comp_stmt 
24: comp_stmt -> comp_stmt  . LT comp_stmt 
25: comp_stmt -> comp_stmt  . NE comp_stmt 
26: comp_stmt -> comp_stmt  . GE comp_stmt 
27: comp_stmt -> comp_stmt  . LE comp_stmt 
28: comp_stmt -> comp_stmt  . EQ comp_stmt 
  0:   On ';' to state 52
  1:   On GT to state 45
  2:   On LT to state 46
  3:   On NE to state 47
  4:   On GE to state 48
  5:   On LE to state 49
  6:   On EQ to state 50


State 44:
20: assignment_statement -> IF '(' comp_stmt ')'  . GOTO BBNUM ';' ELSE GOTO BBNUM ';' 
  0:   On GOTO to state 53


State 45:
23: comp_stmt -> comp_stmt GT  . comp_stmt 
  0:   On comp_stmt to state 54
  1:   On '(' to state 38
  2:   On variable to state 39
  3:   On constant to state 40
  4:   On NAME to state 32
  5:   On INTEGER_NUMBER to state 41


State 46:
24: comp_stmt -> comp_stmt LT  . comp_stmt 
  0:   On comp_stmt to state 55
  1:   On '(' to state 38
  2:   On variable to state 39
  3:   On constant to state 40
  4:   On NAME to state 32
  5:   On INTEGER_NUMBER to state 41


State 47:
25: comp_stmt -> comp_stmt NE  . comp_stmt 
  0:   On comp_stmt to state 56
  1:   On '(' to state 38
  2:   On variable to state 39
  3:   On constant to state 40
  4:   On NAME to state 32
  5:   On INTEGER_NUMBER to state 41


State 48:
26: comp_stmt -> comp_stmt GE  . comp_stmt 
  0:   On comp_stmt to state 57
  1:   On '(' to state 38
  2:   On variable to state 39
  3:   On constant to state 40
  4:   On NAME to state 32
  5:   On INTEGER_NUMBER to state 41


State 49:
27: comp_stmt -> comp_stmt LE  . comp_stmt 
  0:   On comp_stmt to state 58
  1:   On '(' to state 38
  2:   On variable to state 39
  3:   On constant to state 40
  4:   On NAME to state 32
  5:   On INTEGER_NUMBER to state 41


State 50:
28: comp_stmt -> comp_stmt EQ  . comp_stmt 
  0:   On comp_stmt to state 59
  1:   On '(' to state 38
  2:   On variable to state 39
  3:   On constant to state 40
  4:   On NAME to state 32
  5:   On INTEGER_NUMBER to state 41


State 51:
29: comp_stmt -> '(' comp_stmt  . ')' 
23: comp_stmt -> comp_stmt  . GT comp_stmt 
24: comp_stmt -> comp_stmt  . LT comp_stmt 
25: comp_stmt -> comp_stmt  . NE comp_stmt 
26: comp_stmt -> comp_stmt  . GE comp_stmt 
27: comp_stmt -> comp_stmt  . LE comp_stmt 
28: comp_stmt -> comp_stmt  . EQ comp_stmt 
  0:   On ')' to state 60
  1:   On GT to state 45
  2:   On LT to state 46
  3:   On NE to state 47
  4:   On GE to state 48
  5:   On LE to state 49
  6:   On EQ to state 50


State 52:
22: assignment_statement -> variable ASSIGN comp_stmt ';'  . 
  Reduce by 22: assignment_statement -> variable ASSIGN comp_stmt ';'  . 


State 53:
20: assignment_statement -> IF '(' comp_stmt ')' GOTO  . BBNUM ';' ELSE GOTO BBNUM ';' 
  0:   On BBNUM to state 61


State 54:
23: comp_stmt -> comp_stmt GT comp_stmt  . 
23: comp_stmt -> comp_stmt  . GT comp_stmt 
24: comp_stmt -> comp_stmt  . LT comp_stmt 
25: comp_stmt -> comp_stmt  . NE comp_stmt 
26: comp_stmt -> comp_stmt  . GE comp_stmt 
27: comp_stmt -> comp_stmt  . LE comp_stmt 
28: comp_stmt -> comp_stmt  . EQ comp_stmt 
  0 (removed by precedence):   On GT to state 45
  1 (removed by precedence):   On LT to state 46
  2 (removed by precedence):   On NE to state 47
  3 (removed by precedence):   On GE to state 48
  4 (removed by precedence):   On LE to state 49
  5 (removed by precedence):   On EQ to state 50
  Reduce by 23: comp_stmt -> comp_stmt GT comp_stmt  . 


State 55:
24: comp_stmt -> comp_stmt LT comp_stmt  . 
23: comp_stmt -> comp_stmt  . GT comp_stmt 
24: comp_stmt -> comp_stmt  . LT comp_stmt 
25: comp_stmt -> comp_stmt  . NE comp_stmt 
26: comp_stmt -> comp_stmt  . GE comp_stmt 
27: comp_stmt -> comp_stmt  . LE comp_stmt 
28: comp_stmt -> comp_stmt  . EQ comp_stmt 
  0 (removed by precedence):   On GT to state 45
  1 (removed by precedence):   On LT to state 46
  2 (removed by precedence):   On NE to state 47
  3 (removed by precedence):   On GE to state 48
  4 (removed by precedence):   On LE to state 49
  5 (removed by precedence):   On EQ to state 50
  Reduce by 24: comp_stmt -> comp_stmt LT comp_stmt  . 


State 56:
25: comp_stmt -> comp_stmt NE comp_stmt  . 
23: comp_stmt -> comp_stmt  . GT comp_stmt 
24: comp_stmt -> comp_stmt  . LT comp_stmt 
25: comp_stmt -> comp_stmt  . NE comp_stmt 
26: comp_stmt -> comp_stmt  . GE comp_stmt 
27: comp_stmt -> comp_stmt  . LE comp_stmt 
28: comp_stmt -> comp_stmt  . EQ comp_stmt 
  0:   On GT to state 45
  1:   On LT to state 46
  2 (removed by precedence):   On NE to state 47
  3:   On GE to state 48
  4:   On LE to state 49
  5 (removed by precedence):   On EQ to state 50
  Reduce by 25: comp_stmt -> comp_stmt NE comp_stmt  . 


State 57:
26: comp_stmt -> comp_stmt GE comp_stmt  . 
23: comp_stmt -> comp_stmt  . GT comp_stmt 
24: comp_stmt -> comp_stmt  . LT comp_stmt 
25: comp_stmt -> comp_stmt  . NE comp_stmt 
26: comp_stmt -> comp_stmt  . GE comp_stmt 
27: comp_stmt -> comp_stmt  . LE comp_stmt 
28: comp_stmt -> comp_stmt  . EQ comp_stmt 
  0 (removed by precedence):   On GT to state 45
  1 (removed by precedence):   On LT to state 46
  2 (removed by precedence):   On NE to state 47
  3 (removed by precedence):   On GE to state 48
  4 (removed by precedence):   On LE to state 49
  5 (removed by precedence):   On EQ to state 50
  Reduce by 26: comp_stmt -> comp_stmt GE comp_stmt  . 


State 58:
27: comp_stmt -> comp_stmt LE comp_stmt  . 
23: comp_stmt -> comp_stmt  . GT comp_stmt 
24: comp_stmt -> comp_stmt  . LT comp_stmt 
25: comp_stmt -> comp_stmt  . NE comp_stmt 
26: comp_stmt -> comp_stmt  . GE comp_stmt 
27: comp_stmt -> comp_stmt  . LE comp_stmt 
28: comp_stmt -> comp_stmt  . EQ comp_stmt 
  0 (removed by precedence):   On GT to state 45
  1 (removed by precedence):   On LT to state 46
  2 (removed by precedence):   On NE to state 47
  3 (removed by precedence):   On GE to state 48
  4 (removed by precedence):   On LE to state 49
  5 (removed by precedence):   On EQ to state 50
  Reduce by 27: comp_stmt -> comp_stmt LE comp_stmt  . 


State 59:
28: comp_stmt -> comp_stmt EQ comp_stmt  . 
23: comp_stmt -> comp_stmt  . GT comp_stmt 
24: comp_stmt -> comp_stmt  . LT comp_stmt 
25: comp_stmt -> comp_stmt  . NE comp_stmt 
26: comp_stmt -> comp_stmt  . GE comp_stmt 
27: comp_stmt -> comp_stmt  . LE comp_stmt 
28: comp_stmt -> comp_stmt  . EQ comp_stmt 
  0:   On GT to state 45
  1:   On LT to state 46
  2 (removed by precedence):   On NE to state 47
  3:   On GE to state 48
  4:   On LE to state 49
  5 (removed by precedence):   On EQ to state 50
  Reduce by 28: comp_stmt -> comp_stmt EQ comp_stmt  . 


State 60:
29: comp_stmt -> '(' comp_stmt ')'  . 
  Reduce by 29: comp_stmt -> '(' comp_stmt ')'  . 


State 61:
20: assignment_statement -> IF '(' comp_stmt ')' GOTO BBNUM  . ';' ELSE GOTO BBNUM ';' 
  0:   On ';' to state 62


State 62:
20: assignment_statement -> IF '(' comp_stmt ')' GOTO BBNUM ';'  . ELSE GOTO BBNUM ';' 
  0:   On ELSE to state 63


State 63:
20: assignment_statement -> IF '(' comp_stmt ')' GOTO BBNUM ';' ELSE  . GOTO BBNUM ';' 
  0:   On GOTO to state 64


State 64:
20: assignment_statement -> IF '(' comp_stmt ')' GOTO BBNUM ';' ELSE GOTO  . BBNUM ';' 
  0:   On BBNUM to state 65


State 65:
20: assignment_statement -> IF '(' comp_stmt ')' GOTO BBNUM ';' ELSE GOTO BBNUM  . ';' 
  0:   On ';' to state 66


State 66:
20: assignment_statement -> IF '(' comp_stmt ')' GOTO BBNUM ';' ELSE GOTO BBNUM ';'  . 
  Reduce by 20: assignment_statement -> IF '(' comp_stmt ')' GOTO BBNUM ';' ELSE GOTO BBNUM ';'  . 



